<?xml version="1.0" encoding="UTF-8" ?>
<testsuite failures="0" time="0.019" errors="0" skipped="0" tests="1" name="com.dianping.searchQA.IndexServiceTest.AppTest">
  <properties>
    <property name="java.runtime.name" value="Java(TM) SE Runtime Environment"/>
    <property name="sun.boot.library.path" value="C:\Program Files (x86)\Java\jdk1.6.0_17\jre\bin"/>
    <property name="java.vm.version" value="14.3-b01"/>
    <property name="java.vm.vendor" value="Sun Microsystems Inc."/>
    <property name="java.vendor.url" value="http://java.sun.com/"/>
    <property name="path.separator" value=";"/>
    <property name="java.vm.name" value="Java HotSpot(TM) Client VM"/>
    <property name="file.encoding.pkg" value="sun.io"/>
    <property name="user.country" value="CN"/>
    <property name="sun.java.launcher" value="SUN_STANDARD"/>
    <property name="sun.os.patch.level" value="Service Pack 1"/>
    <property name="java.vm.specification.name" value="Java Virtual Machine Specification"/>
    <property name="user.dir" value="D:\work\workspace\eclipseee\IndexServiceTest"/>
    <property name="java.runtime.version" value="1.6.0_17-b04"/>
    <property name="java.awt.graphicsenv" value="sun.awt.Win32GraphicsEnvironment"/>
    <property name="basedir" value="D:\work\workspace\eclipseee\IndexServiceTest"/>
    <property name="java.endorsed.dirs" value="C:\Program Files (x86)\Java\jdk1.6.0_17\jre\lib\endorsed"/>
    <property name="os.arch" value="x86"/>
    <property name="surefire.real.class.path" value="C:\Users\lifeng\AppData\Local\Temp\surefirebooter5847002535698091659.jar"/>
    <property name="java.io.tmpdir" value="C:\Users\lifeng\AppData\Local\Temp\"/>
    <property name="line.separator" value="
"/>
    <property name="java.vm.specification.vendor" value="Sun Microsystems Inc."/>
    <property name="user.variant" value=""/>
    <property name="os.name" value="Windows 7"/>
    <property name="sun.jnu.encoding" value="GBK"/>
    <property name="java.library.path" value="C:\Program Files (x86)\Java\jdk1.6.0_17\jre\bin;.;C:\Windows\Sun\Java\bin;C:\Windows\system32;C:\Windows;d:\Program Files (x86)\CollabNet\Subversion Client;C:\Program Files\Common Files\Microsoft Shared\Windows Live;C:\Program Files (x86)\Common Files\Microsoft Shared\Windows Live;D:\Program Files\maven/bin;C:\Program Files (x86)\Java\jdk1.6.0_17/bin;C:\Windows\system32;C:\Windows;C:\Windows\System32\Wbem;C:\Windows\System32\WindowsPowerShell\v1.0\;C:\Program Files (x86)\Microsoft SQL Server\80\Tools\Binn\;C:\Program Files\Microsoft SQL Server\90\Tools\binn\;C:\Program Files (x86)\Microsoft SQL Server\90\Tools\binn\;C:\Program Files (x86)\Microsoft SQL Server\90\DTS\Binn\;C:\Program Files (x86)\Microsoft SQL Server\90\Tools\Binn\VSShell\Common7\IDE\;C:\Program Files (x86)\Microsoft Visual Studio 8\Common7\IDE\PrivateAssemblies\;C:\Program Files (x86)\ATI Technologies\ATI.ACE\Core-Static;C:\Program Files (x86)\TortoiseSVN\bin;C:\Program Files (x86)\Windows Live\Shared;D:\Program Files (x86)\PortableGit-1.7.9\bin;D:\Program Files\tomcat\lib\servlet-api.jar;d:\jruby-1.6.7\bin;C:\Program Files (x86)\SSH Communications Security\SSH Secure Shell"/>
    <property name="surefire.test.class.path" value="D:\work\workspace\eclipseee\IndexServiceTest\target\test-classes;D:\work\workspace\eclipseee\IndexServiceTest\target\classes;C:\Users\lifeng\.m2\repository\junit\junit\3.8.1\junit-3.8.1.jar;C:\Users\lifeng\.m2\repository\org\slf4j\jcl-over-slf4j\1.6.0\jcl-over-slf4j-1.6.0.jar;C:\Users\lifeng\.m2\repository\org\slf4j\slf4j-api\1.6.0\slf4j-api-1.6.0.jar;C:\Users\lifeng\.m2\repository\ch\qos\logback\logback-classic\0.9.21\logback-classic-0.9.21.jar;C:\Users\lifeng\.m2\repository\ch\qos\logback\logback-core\0.9.21\logback-core-0.9.21.jar;C:\Users\lifeng\.m2\repository\com\caucho\hessian\3.1.5\hessian-3.1.5.jar;C:\Users\lifeng\.m2\repository\com\dp\ir\common\dp-ir-common\1.1.1\dp-ir-common-1.1.1.jar;C:\Users\lifeng\.m2\repository\mysql\mysql-connector-java\5.1.13\mysql-connector-java-5.1.13.jar;C:\Users\lifeng\.m2\repository\com\dianping\search\dp-search-interface\1.3.7.7\dp-search-interface-1.3.7.7.jar;C:\Users\lifeng\.m2\repository\org\apache\thrift\libthrift\0.7.0\libthrift-0.7.0.jar;C:\Users\lifeng\.m2\repository\commons-lang\commons-lang\2.6\commons-lang-2.6.jar;C:\Users\lifeng\.m2\repository\javax\servlet\servlet-api\2.5\servlet-api-2.5.jar;C:\Users\lifeng\.m2\repository\org\apache\httpcomponents\httpclient\4.0.1\httpclient-4.0.1.jar;C:\Users\lifeng\.m2\repository\org\apache\httpcomponents\httpcore\4.0.1\httpcore-4.0.1.jar;C:\Users\lifeng\.m2\repository\commons-logging\commons-logging\1.1.1\commons-logging-1.1.1.jar;C:\Users\lifeng\.m2\repository\commons-codec\commons-codec\1.2\commons-codec-1.2.jar;C:\Users\lifeng\.m2\repository\com\dianping\search\dp-search-base\1.3.7.7\dp-search-base-1.3.7.7.jar;C:\Users\lifeng\.m2\repository\com\caucho\hessian-dp\3.1.5.1\hessian-dp-3.1.5.1.jar;C:\Users\lifeng\.m2\repository\com\googlecode\json-simple\json-simple\1.1.1\json-simple-1.1.1.jar;C:\Users\lifeng\.m2\repository\com\dp\ir\common\dp-search-config\1.1.1\dp-search-config-1.1.1.jar;C:\Users\lifeng\.m2\repository\org\springframework\spring-context\2.5.6\spring-context-2.5.6.jar;C:\Users\lifeng\.m2\repository\aopalliance\aopalliance\1.0\aopalliance-1.0.jar;C:\Users\lifeng\.m2\repository\org\springframework\spring-beans\2.5.6\spring-beans-2.5.6.jar;C:\Users\lifeng\.m2\repository\org\springframework\spring-core\2.5.6\spring-core-2.5.6.jar;C:\Users\lifeng\.m2\repository\org\springframework\spring-web\2.5.6\spring-web-2.5.6.jar;C:\Users\lifeng\.m2\repository\commons-configuration\commons-configuration\1.6\commons-configuration-1.6.jar;C:\Users\lifeng\.m2\repository\commons-collections\commons-collections\3.2.1\commons-collections-3.2.1.jar;C:\Users\lifeng\.m2\repository\commons-digester\commons-digester\1.8\commons-digester-1.8.jar;C:\Users\lifeng\.m2\repository\commons-beanutils\commons-beanutils\1.7.0\commons-beanutils-1.7.0.jar;C:\Users\lifeng\.m2\repository\commons-beanutils\commons-beanutils-core\1.8.0\commons-beanutils-core-1.8.0.jar;C:\Users\lifeng\.m2\repository\org\freemarker\freemarker\2.3.9\freemarker-2.3.9.jar;C:\Users\lifeng\.m2\repository\com\thoughtworks\xstream\xstream\1.3.1\xstream-1.3.1.jar;C:\Users\lifeng\.m2\repository\xpp3\xpp3_min\1.1.4c\xpp3_min-1.1.4c.jar;C:\Users\lifeng\.m2\repository\org\apache\activemq\activemq-all\5.4.2\activemq-all-5.4.2.jar;C:\Users\lifeng\.m2\repository\org\apache\mina\mina-core\2.0.0-RC1\mina-core-2.0.0-RC1.jar;C:\Users\lifeng\.m2\repository\org\apache\ftpserver\ftplet-api\1.0.4\ftplet-api-1.0.4.jar;C:\Users\lifeng\.m2\repository\org\apache\ftpserver\ftpserver-core\1.0.4\ftpserver-core-1.0.4.jar;C:\Users\lifeng\.m2\repository\commons-net\commons-net\2.0\commons-net-2.0-ftp.jar;C:\Users\lifeng\.m2\repository\org\springframework\spring-jdbc\2.5.6\spring-jdbc-2.5.6.jar;C:\Users\lifeng\.m2\repository\org\springframework\spring-tx\2.5.6\spring-tx-2.5.6.jar;C:\Users\lifeng\.m2\repository\org\apache\maven\skins\maven-classic-skin\1.0\maven-classic-skin-1.0.jar;C:\Users\lifeng\.m2\repository\commons-io\commons-io\1.4\commons-io-1.4.jar;C:\Users\lifeng\.m2\repository\commons-dbcp\commons-dbcp\20030825.184428\commons-dbcp-20030825.184428.jar;C:\Users\lifeng\.m2\repository\commons-pool\commons-pool\20030825.183949\commons-pool-20030825.183949.jar;C:\Users\lifeng\.m2\repository\c3p0\c3p0\0.9.1.2\c3p0-0.9.1.2.jar;C:\Users\lifeng\.m2\repository\com\microsoft\sqlserver\sqljdbc4\1.0\sqljdbc4-1.0.jar;C:\Users\lifeng\.m2\repository\javax\mail\mail\1.4.1\mail-1.4.1.jar;C:\Users\lifeng\.m2\repository\javax\activation\activation\1.1\activation-1.1.jar;C:\Users\lifeng\.m2\repository\commons-httpclient\commons-httpclient\3.1\commons-httpclient-3.1.jar;C:\Users\lifeng\.m2\repository\com\dp\cache\dp-cache-client\1.0.2\dp-cache-client-1.0.2.jar;C:\Users\lifeng\.m2\repository\org\springframework\spring-aop\2.5.6\spring-aop-2.5.6.jar;C:\Users\lifeng\.m2\repository\javax\jms\jms\1.1\jms-1.1.jar;C:\Users\lifeng\.m2\repository\org\springframework\spring-jms\2.5.6\spring-jms-2.5.6.jar;C:\Users\lifeng\.m2\repository\org\springframework\spring-context-support\2.5.6\spring-context-support-2.5.6.jar;C:\Users\lifeng\.m2\repository\dom4j\dom4j\1.6.1\dom4j-1.6.1.jar;C:\Users\lifeng\.m2\repository\xml-apis\xml-apis\1.0.b2\xml-apis-1.0.b2.jar;C:\Users\lifeng\.m2\repository\net\spy\spy\2.4\spy-2.4.jar;C:\Users\lifeng\.m2\repository\net\spy\memcached\2.0.1\memcached-2.0.1.jar;C:\Users\lifeng\.m2\repository\net\sf\ehcache\ehcache-core\2.0.1\ehcache-core-2.0.1.jar;C:\Users\lifeng\.m2\repository\org\apache\lucene\lucene-core\3.5.0\lucene-core-3.5.0.jar;"/>
    <property name="java.specification.name" value="Java Platform API Specification"/>
    <property name="java.class.version" value="50.0"/>
    <property name="sun.management.compiler" value="HotSpot Client Compiler"/>
    <property name="os.version" value="6.1"/>
    <property name="user.home" value="C:\Users\lifeng"/>
    <property name="user.timezone" value=""/>
    <property name="java.awt.printerjob" value="sun.awt.windows.WPrinterJob"/>
    <property name="java.specification.version" value="1.6"/>
    <property name="file.encoding" value="GBK"/>
    <property name="user.name" value="lifeng"/>
    <property name="java.class.path" value="D:\work\workspace\eclipseee\IndexServiceTest\target\test-classes;D:\work\workspace\eclipseee\IndexServiceTest\target\classes;C:\Users\lifeng\.m2\repository\junit\junit\3.8.1\junit-3.8.1.jar;C:\Users\lifeng\.m2\repository\org\slf4j\jcl-over-slf4j\1.6.0\jcl-over-slf4j-1.6.0.jar;C:\Users\lifeng\.m2\repository\org\slf4j\slf4j-api\1.6.0\slf4j-api-1.6.0.jar;C:\Users\lifeng\.m2\repository\ch\qos\logback\logback-classic\0.9.21\logback-classic-0.9.21.jar;C:\Users\lifeng\.m2\repository\ch\qos\logback\logback-core\0.9.21\logback-core-0.9.21.jar;C:\Users\lifeng\.m2\repository\com\caucho\hessian\3.1.5\hessian-3.1.5.jar;C:\Users\lifeng\.m2\repository\com\dp\ir\common\dp-ir-common\1.1.1\dp-ir-common-1.1.1.jar;C:\Users\lifeng\.m2\repository\mysql\mysql-connector-java\5.1.13\mysql-connector-java-5.1.13.jar;C:\Users\lifeng\.m2\repository\com\dianping\search\dp-search-interface\1.3.7.7\dp-search-interface-1.3.7.7.jar;C:\Users\lifeng\.m2\repository\org\apache\thrift\libthrift\0.7.0\libthrift-0.7.0.jar;C:\Users\lifeng\.m2\repository\commons-lang\commons-lang\2.6\commons-lang-2.6.jar;C:\Users\lifeng\.m2\repository\javax\servlet\servlet-api\2.5\servlet-api-2.5.jar;C:\Users\lifeng\.m2\repository\org\apache\httpcomponents\httpclient\4.0.1\httpclient-4.0.1.jar;C:\Users\lifeng\.m2\repository\org\apache\httpcomponents\httpcore\4.0.1\httpcore-4.0.1.jar;C:\Users\lifeng\.m2\repository\commons-logging\commons-logging\1.1.1\commons-logging-1.1.1.jar;C:\Users\lifeng\.m2\repository\commons-codec\commons-codec\1.2\commons-codec-1.2.jar;C:\Users\lifeng\.m2\repository\com\dianping\search\dp-search-base\1.3.7.7\dp-search-base-1.3.7.7.jar;C:\Users\lifeng\.m2\repository\com\caucho\hessian-dp\3.1.5.1\hessian-dp-3.1.5.1.jar;C:\Users\lifeng\.m2\repository\com\googlecode\json-simple\json-simple\1.1.1\json-simple-1.1.1.jar;C:\Users\lifeng\.m2\repository\com\dp\ir\common\dp-search-config\1.1.1\dp-search-config-1.1.1.jar;C:\Users\lifeng\.m2\repository\org\springframework\spring-context\2.5.6\spring-context-2.5.6.jar;C:\Users\lifeng\.m2\repository\aopalliance\aopalliance\1.0\aopalliance-1.0.jar;C:\Users\lifeng\.m2\repository\org\springframework\spring-beans\2.5.6\spring-beans-2.5.6.jar;C:\Users\lifeng\.m2\repository\org\springframework\spring-core\2.5.6\spring-core-2.5.6.jar;C:\Users\lifeng\.m2\repository\org\springframework\spring-web\2.5.6\spring-web-2.5.6.jar;C:\Users\lifeng\.m2\repository\commons-configuration\commons-configuration\1.6\commons-configuration-1.6.jar;C:\Users\lifeng\.m2\repository\commons-collections\commons-collections\3.2.1\commons-collections-3.2.1.jar;C:\Users\lifeng\.m2\repository\commons-digester\commons-digester\1.8\commons-digester-1.8.jar;C:\Users\lifeng\.m2\repository\commons-beanutils\commons-beanutils\1.7.0\commons-beanutils-1.7.0.jar;C:\Users\lifeng\.m2\repository\commons-beanutils\commons-beanutils-core\1.8.0\commons-beanutils-core-1.8.0.jar;C:\Users\lifeng\.m2\repository\org\freemarker\freemarker\2.3.9\freemarker-2.3.9.jar;C:\Users\lifeng\.m2\repository\com\thoughtworks\xstream\xstream\1.3.1\xstream-1.3.1.jar;C:\Users\lifeng\.m2\repository\xpp3\xpp3_min\1.1.4c\xpp3_min-1.1.4c.jar;C:\Users\lifeng\.m2\repository\org\apache\activemq\activemq-all\5.4.2\activemq-all-5.4.2.jar;C:\Users\lifeng\.m2\repository\org\apache\mina\mina-core\2.0.0-RC1\mina-core-2.0.0-RC1.jar;C:\Users\lifeng\.m2\repository\org\apache\ftpserver\ftplet-api\1.0.4\ftplet-api-1.0.4.jar;C:\Users\lifeng\.m2\repository\org\apache\ftpserver\ftpserver-core\1.0.4\ftpserver-core-1.0.4.jar;C:\Users\lifeng\.m2\repository\commons-net\commons-net\2.0\commons-net-2.0-ftp.jar;C:\Users\lifeng\.m2\repository\org\springframework\spring-jdbc\2.5.6\spring-jdbc-2.5.6.jar;C:\Users\lifeng\.m2\repository\org\springframework\spring-tx\2.5.6\spring-tx-2.5.6.jar;C:\Users\lifeng\.m2\repository\org\apache\maven\skins\maven-classic-skin\1.0\maven-classic-skin-1.0.jar;C:\Users\lifeng\.m2\repository\commons-io\commons-io\1.4\commons-io-1.4.jar;C:\Users\lifeng\.m2\repository\commons-dbcp\commons-dbcp\20030825.184428\commons-dbcp-20030825.184428.jar;C:\Users\lifeng\.m2\repository\commons-pool\commons-pool\20030825.183949\commons-pool-20030825.183949.jar;C:\Users\lifeng\.m2\repository\c3p0\c3p0\0.9.1.2\c3p0-0.9.1.2.jar;C:\Users\lifeng\.m2\repository\com\microsoft\sqlserver\sqljdbc4\1.0\sqljdbc4-1.0.jar;C:\Users\lifeng\.m2\repository\javax\mail\mail\1.4.1\mail-1.4.1.jar;C:\Users\lifeng\.m2\repository\javax\activation\activation\1.1\activation-1.1.jar;C:\Users\lifeng\.m2\repository\commons-httpclient\commons-httpclient\3.1\commons-httpclient-3.1.jar;C:\Users\lifeng\.m2\repository\com\dp\cache\dp-cache-client\1.0.2\dp-cache-client-1.0.2.jar;C:\Users\lifeng\.m2\repository\org\springframework\spring-aop\2.5.6\spring-aop-2.5.6.jar;C:\Users\lifeng\.m2\repository\javax\jms\jms\1.1\jms-1.1.jar;C:\Users\lifeng\.m2\repository\org\springframework\spring-jms\2.5.6\spring-jms-2.5.6.jar;C:\Users\lifeng\.m2\repository\org\springframework\spring-context-support\2.5.6\spring-context-support-2.5.6.jar;C:\Users\lifeng\.m2\repository\dom4j\dom4j\1.6.1\dom4j-1.6.1.jar;C:\Users\lifeng\.m2\repository\xml-apis\xml-apis\1.0.b2\xml-apis-1.0.b2.jar;C:\Users\lifeng\.m2\repository\net\spy\spy\2.4\spy-2.4.jar;C:\Users\lifeng\.m2\repository\net\spy\memcached\2.0.1\memcached-2.0.1.jar;C:\Users\lifeng\.m2\repository\net\sf\ehcache\ehcache-core\2.0.1\ehcache-core-2.0.1.jar;C:\Users\lifeng\.m2\repository\org\apache\lucene\lucene-core\3.5.0\lucene-core-3.5.0.jar;"/>
    <property name="java.vm.specification.version" value="1.0"/>
    <property name="sun.arch.data.model" value="32"/>
    <property name="java.home" value="C:\Program Files (x86)\Java\jdk1.6.0_17\jre"/>
    <property name="java.specification.vendor" value="Sun Microsystems Inc."/>
    <property name="user.language" value="zh"/>
    <property name="awt.toolkit" value="sun.awt.windows.WToolkit"/>
    <property name="java.vm.info" value="mixed mode, sharing"/>
    <property name="java.version" value="1.6.0_17"/>
    <property name="java.ext.dirs" value="C:\Program Files (x86)\Java\jdk1.6.0_17\jre\lib\ext;C:\Windows\Sun\Java\lib\ext"/>
    <property name="sun.boot.class.path" value="C:\Program Files (x86)\Java\jdk1.6.0_17\jre\lib\resources.jar;C:\Program Files (x86)\Java\jdk1.6.0_17\jre\lib\rt.jar;C:\Program Files (x86)\Java\jdk1.6.0_17\jre\lib\sunrsasign.jar;C:\Program Files (x86)\Java\jdk1.6.0_17\jre\lib\jsse.jar;C:\Program Files (x86)\Java\jdk1.6.0_17\jre\lib\jce.jar;C:\Program Files (x86)\Java\jdk1.6.0_17\jre\lib\charsets.jar;C:\Program Files (x86)\Java\jdk1.6.0_17\jre\classes"/>
    <property name="java.vendor" value="Sun Microsystems Inc."/>
    <property name="localRepository" value="C:\Users\lifeng\.m2\repository"/>
    <property name="file.separator" value="\"/>
    <property name="java.vendor.url.bug" value="http://java.sun.com/cgi-bin/bugreport.cgi"/>
    <property name="sun.cpu.endian" value="little"/>
    <property name="sun.io.unicode.encoding" value="UnicodeLittle"/>
    <property name="sun.desktop" value="windows"/>
    <property name="sun.cpu.isalist" value="pentium_pro+mmx pentium_pro pentium+mmx pentium i486 i386 i86"/>
  </properties>
  <testcase time="0.012" classname="com.dianping.searchQA.IndexServiceTest.AppTest" name="testApp"/>
</testsuite>